\BOOKMARK [1][-]{section.1}{Introduction}{}% 1
\BOOKMARK [1][-]{section.2}{The modules}{}% 2
\BOOKMARK [2][-]{subsection.2.1}{Arduino nano}{section.2}% 3
\BOOKMARK [2][-]{subsection.2.2}{LCD screen}{section.2}% 4
\BOOKMARK [3][-]{subsubsection.2.2.1}{Wiring}{subsection.2.2}% 5
\BOOKMARK [3][-]{subsubsection.2.2.2}{Usage}{subsection.2.2}% 6
\BOOKMARK [2][-]{subsection.2.3}{Rotary encoder}{section.2}% 7
\BOOKMARK [3][-]{subsubsection.2.3.1}{Wiring}{subsection.2.3}% 8
\BOOKMARK [3][-]{subsubsection.2.3.2}{Remarques}{subsection.2.3}% 9
\BOOKMARK [2][-]{subsection.2.4}{RTC}{section.2}% 10
\BOOKMARK [3][-]{subsubsection.2.4.1}{Wiring}{subsection.2.4}% 11
\BOOKMARK [3][-]{subsubsection.2.4.2}{Usage}{subsection.2.4}% 12
\BOOKMARK [2][-]{subsection.2.5}{SD card slot}{section.2}% 13
\BOOKMARK [3][-]{subsubsection.2.5.1}{Wiring}{subsection.2.5}% 14
\BOOKMARK [3][-]{subsubsection.2.5.2}{Usage}{subsection.2.5}% 15
\BOOKMARK [3][-]{subsubsection.2.5.3}{Remarques}{subsection.2.5}% 16
\BOOKMARK [2][-]{subsection.2.6}{Watchdog}{section.2}% 17
\BOOKMARK [2][-]{subsection.2.7}{PT1000 sensors}{section.2}% 18
\BOOKMARK [3][-]{subsubsection.2.7.1}{Informations}{subsection.2.7}% 19
\BOOKMARK [3][-]{subsubsection.2.7.2}{Implementation}{subsection.2.7}% 20
\BOOKMARK [3][-]{subsubsection.2.7.3}{Remarques}{subsection.2.7}% 21
\BOOKMARK [2][-]{subsection.2.8}{Pump}{section.2}% 22
\BOOKMARK [1][-]{section.3}{Full project}{}% 23
\BOOKMARK [2][-]{subsection.3.1}{Functioning}{section.3}% 24
\BOOKMARK [2][-]{subsection.3.2}{Montage}{section.3}% 25
\BOOKMARK [2][-]{subsection.3.3}{Assembly}{section.3}% 26
